# JRE version: OpenJDK Runtime Environment (11.0.11+9) (build 11.0.11+9-b60-7590822)
# Java VM: OpenJDK 64-Bit Server VM (11.0.11+9-b60-7590822, mixed mode, tiered, compressed oops, g1 gc, windows-amd64)
Heap:
 garbage-first heap   total 1166336K, used 303520K [0x00000006e0000000, 0x0000000800000000)
  region size 1024K, 5 young (5120K), 5 survivors (5120K)
 Metaspace       used 144931K, capacity 149699K, committed 149864K, reserved 1179648K
  class space    used 17979K, capacity 19734K, committed 19840K, reserved 1048576K
GC Heap History (20 events):
Event: 8636.340 GC heap after
{Heap after GC invocations=133 (full 0):
 garbage-first heap   total 275456K, used 229376K [0x00000006e0000000, 0x0000000800000000)
  region size 1024K, 2 young (2048K), 2 survivors (2048K)
 Metaspace       used 143969K, capacity 148608K, committed 148840K, reserved 1179648K
  class space    used 17868K, capacity 19571K, committed 19584K, reserved 1048576K
}
Event: 8636.403 GC heap before
{Heap before GC invocations=133 (full 0):
 garbage-first heap   total 275456K, used 241664K [0x00000006e0000000, 0x0000000800000000)
  region size 1024K, 13 young (13312K), 2 survivors (2048K)
 Metaspace       used 143991K, capacity 148672K, committed 148840K, reserved 1179648K
  class space    used 17870K, capacity 19571K, committed 19584K, reserved 1048576K
}
Event: 8636.432 GC heap after
{Heap after GC invocations=134 (full 0):
 garbage-first heap   total 275456K, used 220160K [0x00000006e0000000, 0x0000000800000000)
  region size 1024K, 2 young (2048K), 2 survivors (2048K)
 Metaspace       used 143991K, capacity 148672K, committed 148840K, reserved 1179648K
  class space    used 17870K, capacity 19571K, committed 19584K, reserved 1048576K
}
Event: 8636.495 GC heap before
{Heap before GC invocations=134 (full 0):
 garbage-first heap   total 275456K, used 232448K [0x00000006e0000000, 0x0000000800000000)
  region size 1024K, 14 young (14336K), 2 survivors (2048K)
 Metaspace       used 143991K, capacity 148672K, committed 148840K, reserved 1179648K
  class space    used 17870K, capacity 19571K, committed 19584K, reserved 1048576K
}
Event: 8636.520 GC heap after
{Heap after GC invocations=135 (full 0):
 garbage-first heap   total 275456K, used 226290K [0x00000006e0000000, 0x0000000800000000)
  region size 1024K, 2 young (2048K), 2 survivors (2048K)
 Metaspace       used 143991K, capacity 148672K, committed 148840K, reserved 1179648K
  class space    used 17870K, capacity 19571K, committed 19584K, reserved 1048576K
}
Event: 8636.575 GC heap before
{Heap before GC invocations=135 (full 0):
 garbage-first heap   total 275456K, used 236530K [0x00000006e0000000, 0x0000000800000000)
  region size 1024K, 13 young (13312K), 2 survivors (2048K)
 Metaspace       used 143991K, capacity 148672K, committed 148840K, reserved 1179648K
  class space    used 17870K, capacity 19571K, committed 19584K, reserved 1048576K
}
Event: 8636.591 GC heap after
{Heap after GC invocations=136 (full 0):
 garbage-first heap   total 275456K, used 231015K [0x00000006e0000000, 0x0000000800000000)
  region size 1024K, 2 young (2048K), 2 survivors (2048K)
 Metaspace       used 143991K, capacity 148672K, committed 148840K, reserved 1179648K
  class space    used 17870K, capacity 19571K, committed 19584K, reserved 1048576K
}
Event: 8636.748 GC heap before
{Heap before GC invocations=136 (full 0):
 garbage-first heap   total 275456K, used 243303K [0x00000006e0000000, 0x0000000800000000)
  region size 1024K, 13 young (13312K), 2 survivors (2048K)
 Metaspace       used 144189K, capacity 148898K, committed 149096K, reserved 1179648K
  class space    used 17890K, capacity 19584K, committed 19584K, reserved 1048576K
}
Event: 8636.772 GC heap after
{Heap after GC invocations=137 (full 0):
 garbage-first heap   total 275456K, used 238497K [0x00000006e0000000, 0x0000000800000000)
  region size 1024K, 2 young (2048K), 2 survivors (2048K)
 Metaspace       used 144189K, capacity 148898K, committed 149096K, reserved 1179648K
  class space    used 17890K, capacity 19584K, committed 19584K, reserved 1048576K
}
Event: 8637.257 GC heap before
{Heap before GC invocations=138 (full 0):
 garbage-first heap   total 275456K, used 244641K [0x00000006e0000000, 0x0000000800000000)
  region size 1024K, 13 young (13312K), 2 survivors (2048K)
 Metaspace       used 144282K, capacity 148964K, committed 149096K, reserved 1179648K
  class space    used 17890K, capacity 19584K, committed 19584K, reserved 1048576K
}
Event: 8637.273 GC heap after
{Heap after GC invocations=139 (full 0):
 garbage-first heap   total 275456K, used 240376K [0x00000006e0000000, 0x0000000800000000)
  region size 1024K, 2 young (2048K), 2 survivors (2048K)
 Metaspace       used 144282K, capacity 148964K, committed 149096K, reserved 1179648K
  class space    used 17890K, capacity 19584K, committed 19584K, reserved 1048576K
}
Event: 8637.326 GC heap before
{Heap before GC invocations=139 (full 0):
 garbage-first heap   total 275456K, used 251640K [0x00000006e0000000, 0x0000000800000000)
  region size 1024K, 13 young (13312K), 2 survivors (2048K)
 Metaspace       used 144299K, capacity 149029K, committed 149096K, reserved 1179648K
  class space    used 17890K, capacity 19584K, committed 19584K, reserved 1048576K
}
Event: 8637.356 GC heap after
{Heap after GC invocations=140 (full 0):
 garbage-first heap   total 483328K, used 237568K [0x00000006e0000000, 0x0000000800000000)
  region size 1024K, 2 young (2048K), 2 survivors (2048K)
 Metaspace       used 144299K, capacity 149029K, committed 149096K, reserved 1179648K
  class space    used 17890K, capacity 19584K, committed 19584K, reserved 1048576K
}
Event: 8637.669 GC heap before
{Heap before GC invocations=140 (full 0):
 garbage-first heap   total 483328K, used 306176K [0x00000006e0000000, 0x0000000800000000)
  region size 1024K, 69 young (70656K), 2 survivors (2048K)
 Metaspace       used 144318K, capacity 149031K, committed 149096K, reserved 1179648K
  class space    used 17891K, capacity 19584K, committed 19584K, reserved 1048576K
}
Event: 8637.729 GC heap after
{Heap after GC invocations=141 (full 0):
 garbage-first heap   total 483328K, used 273337K [0x00000006e0000000, 0x0000000800000000)
  region size 1024K, 9 young (9216K), 9 survivors (9216K)
 Metaspace       used 144318K, capacity 149031K, committed 149096K, reserved 1179648K
  class space    used 17891K, capacity 19584K, committed 19584K, reserved 1048576K
}
Event: 8638.986 GC heap before
{Heap before GC invocations=142 (full 0):
 garbage-first heap   total 483328K, used 330681K [0x00000006e0000000, 0x0000000800000000)
  region size 1024K, 67 young (68608K), 9 survivors (9216K)
 Metaspace       used 144327K, capacity 149025K, committed 149096K, reserved 1179648K
  class space    used 17890K, capacity 19581K, committed 19584K, reserved 1048576K
}
Event: 8639.055 GC heap after
{Heap after GC invocations=143 (full 0):
 garbage-first heap   total 483328K, used 302592K [0x00000006e0000000, 0x0000000800000000)
  region size 1024K, 9 young (9216K), 9 survivors (9216K)
 Metaspace       used 144327K, capacity 149025K, committed 149096K, reserved 1179648K
  class space    used 17890K, capacity 19581K, committed 19584K, reserved 1048576K
}
Event: 8639.370 GC heap before
{Heap before GC invocations=143 (full 0):
 garbage-first heap   total 483328K, used 352768K [0x00000006e0000000, 0x0000000800000000)
  region size 1024K, 59 young (60416K), 9 survivors (9216K)
 Metaspace       used 144442K, capacity 149113K, committed 149480K, reserved 1179648K
  class space    used 17901K, capacity 19588K, committed 19712K, reserved 1048576K
}
Event: 8639.413 GC heap after
{Heap after GC invocations=144 (full 0):
 garbage-first heap   total 483328K, used 316928K [0x00000006e0000000, 0x0000000800000000)
  region size 1024K, 8 young (8192K), 8 survivors (8192K)
 Metaspace       used 144442K, capacity 149113K, committed 149480K, reserved 1179648K
  class space    used 17901K, capacity 19588K, committed 19712K, reserved 1048576K
}
Event: 8640.657 GC heap before
{Heap before GC invocations=145 (full 0):
 garbage-first heap   total 483328K, used 346624K [0x00000006e0000000, 0x0000000800000000)
  region size 1024K, 57 young (58368K), 8 survivors (8192K)
 Metaspace       used 144931K, capacity 149699K, committed 149864K, reserved 1179648K
  class space    used 17979K, capacity 19734K, committed 19840K, reserved 1048576K
}

