# JRE version: OpenJDK Runtime Environment (11.0.11+9) (build 11.0.11+9-b60-7590822)
# Java VM: OpenJDK 64-Bit Server VM (11.0.11+9-b60-7590822, mixed mode, tiered, compressed oops, g1 gc, windows-amd64)
Heap:
 garbage-first heap   total 807936K, used 254976K [0x00000006e0000000, 0x0000000800000000)
  region size 1024K, 3 young (3072K), 3 survivors (3072K)
 Metaspace       used 100394K, capacity 102823K, committed 102896K, reserved 1138688K
  class space    used 13097K, capacity 13994K, committed 14028K, reserved 1048576K
GC Heap History (20 events):
Event: 42.065 GC heap after
{Heap after GC invocations=35 (full 0):
 garbage-first heap   total 218112K, used 123836K [0x00000006e0000000, 0x0000000800000000)
  region size 1024K, 6 young (6144K), 6 survivors (6144K)
 Metaspace       used 95134K, capacity 97481K, committed 97648K, reserved 1134592K
  class space    used 12213K, capacity 13040K, committed 13132K, reserved 1048576K
}
Event: 42.576 GC heap before
{Heap before GC invocations=36 (full 0):
 garbage-first heap   total 218112K, used 189372K [0x00000006e0000000, 0x0000000800000000)
  region size 1024K, 43 young (44032K), 6 survivors (6144K)
 Metaspace       used 95610K, capacity 97957K, committed 98160K, reserved 1134592K
  class space    used 12284K, capacity 13115K, committed 13132K, reserved 1048576K
}
Event: 42.597 GC heap after
{Heap after GC invocations=37 (full 0):
 garbage-first heap   total 218112K, used 151533K [0x00000006e0000000, 0x0000000800000000)
  region size 1024K, 6 young (6144K), 6 survivors (6144K)
 Metaspace       used 95610K, capacity 97957K, committed 98160K, reserved 1134592K
  class space    used 12284K, capacity 13115K, committed 13132K, reserved 1048576K
}
Event: 42.627 GC heap before
{Heap before GC invocations=37 (full 0):
 garbage-first heap   total 218112K, used 154605K [0x00000006e0000000, 0x0000000800000000)
  region size 1024K, 10 young (10240K), 6 survivors (6144K)
 Metaspace       used 95610K, capacity 97957K, committed 98160K, reserved 1134592K
  class space    used 12284K, capacity 13115K, committed 13132K, reserved 1048576K
}
Event: 42.645 GC heap after
{Heap after GC invocations=38 (full 0):
 garbage-first heap   total 262144K, used 152791K [0x00000006e0000000, 0x0000000800000000)
  region size 1024K, 2 young (2048K), 2 survivors (2048K)
 Metaspace       used 95610K, capacity 97957K, committed 98160K, reserved 1134592K
  class space    used 12284K, capacity 13115K, committed 13132K, reserved 1048576K
}
Event: 43.350 GC heap before
{Heap before GC invocations=38 (full 0):
 garbage-first heap   total 262144K, used 195799K [0x00000006e0000000, 0x0000000800000000)
  region size 1024K, 42 young (43008K), 2 survivors (2048K)
 Metaspace       used 95745K, capacity 98065K, committed 98160K, reserved 1134592K
  class space    used 12300K, capacity 13129K, committed 13132K, reserved 1048576K
}
Event: 43.414 GC heap after
{Heap after GC invocations=39 (full 0):
 garbage-first heap   total 262144K, used 163840K [0x00000006e0000000, 0x0000000800000000)
  region size 1024K, 6 young (6144K), 6 survivors (6144K)
 Metaspace       used 95745K, capacity 98065K, committed 98160K, reserved 1134592K
  class space    used 12300K, capacity 13129K, committed 13132K, reserved 1048576K
}
Event: 44.261 GC heap before
{Heap before GC invocations=40 (full 0):
 garbage-first heap   total 262144K, used 197632K [0x00000006e0000000, 0x0000000800000000)
  region size 1024K, 40 young (40960K), 6 survivors (6144K)
 Metaspace       used 95906K, capacity 98237K, committed 98544K, reserved 1134592K
  class space    used 12324K, capacity 13165K, committed 13260K, reserved 1048576K
}
Event: 44.315 GC heap after
{Heap after GC invocations=41 (full 0):
 garbage-first heap   total 262144K, used 174941K [0x00000006e0000000, 0x0000000800000000)
  region size 1024K, 6 young (6144K), 6 survivors (6144K)
 Metaspace       used 95906K, capacity 98237K, committed 98544K, reserved 1134592K
  class space    used 12324K, capacity 13165K, committed 13260K, reserved 1048576K
}
Event: 45.640 GC heap before
{Heap before GC invocations=42 (full 0):
 garbage-first heap   total 262144K, used 199517K [0x00000006e0000000, 0x0000000800000000)
  region size 1024K, 29 young (29696K), 6 survivors (6144K)
 Metaspace       used 98062K, capacity 100506K, committed 100592K, reserved 1136640K
  class space    used 12797K, capacity 13692K, committed 13772K, reserved 1048576K
}
Event: 45.667 GC heap after
{Heap after GC invocations=43 (full 0):
 garbage-first heap   total 262144K, used 180961K [0x00000006e0000000, 0x0000000800000000)
  region size 1024K, 4 young (4096K), 4 survivors (4096K)
 Metaspace       used 98062K, capacity 100506K, committed 100592K, reserved 1136640K
  class space    used 12797K, capacity 13692K, committed 13772K, reserved 1048576K
}
Event: 46.276 GC heap before
{Heap before GC invocations=44 (full 0):
 garbage-first heap   total 262144K, used 209633K [0x00000006e0000000, 0x0000000800000000)
  region size 1024K, 32 young (32768K), 4 survivors (4096K)
 Metaspace       used 98417K, capacity 100880K, committed 101104K, reserved 1136640K
  class space    used 12831K, capacity 13741K, committed 13772K, reserved 1048576K
}
Event: 46.303 GC heap after
{Heap after GC invocations=45 (full 0):
 garbage-first heap   total 362496K, used 192438K [0x00000006e0000000, 0x0000000800000000)
  region size 1024K, 4 young (4096K), 4 survivors (4096K)
 Metaspace       used 98417K, capacity 100880K, committed 101104K, reserved 1136640K
  class space    used 12831K, capacity 13741K, committed 13772K, reserved 1048576K
}
Event: 46.811 GC heap before
{Heap before GC invocations=45 (full 0):
 garbage-first heap   total 362496K, used 250806K [0x00000006e0000000, 0x0000000800000000)
  region size 1024K, 62 young (63488K), 4 survivors (4096K)
 Metaspace       used 98464K, capacity 100889K, committed 101104K, reserved 1136640K
  class space    used 12832K, capacity 13743K, committed 13772K, reserved 1048576K
}
Event: 47.050 GC heap after
{Heap after GC invocations=46 (full 0):
 garbage-first heap   total 362496K, used 222190K [0x00000006e0000000, 0x0000000800000000)
  region size 1024K, 8 young (8192K), 8 survivors (8192K)
 Metaspace       used 98464K, capacity 100889K, committed 101104K, reserved 1136640K
  class space    used 12832K, capacity 13743K, committed 13772K, reserved 1048576K
}
Event: 47.557 GC heap before
{Heap before GC invocations=46 (full 0):
 garbage-first heap   total 362496K, used 268270K [0x00000006e0000000, 0x0000000800000000)
  region size 1024K, 54 young (55296K), 8 survivors (8192K)
 Metaspace       used 98467K, capacity 100889K, committed 101104K, reserved 1136640K
  class space    used 12832K, capacity 13743K, committed 13772K, reserved 1048576K
}
Event: 47.699 GC heap after
{Heap after GC invocations=47 (full 0):
 garbage-first heap   total 362496K, used 247296K [0x00000006e0000000, 0x0000000800000000)
  region size 1024K, 7 young (7168K), 7 survivors (7168K)
 Metaspace       used 98467K, capacity 100889K, committed 101104K, reserved 1136640K
  class space    used 12832K, capacity 13743K, committed 13772K, reserved 1048576K
}
Event: 51.008 GC heap before
{Heap before GC invocations=48 (full 0):
 garbage-first heap   total 362496K, used 280064K [0x00000006e0000000, 0x0000000800000000)
  region size 1024K, 42 young (43008K), 7 survivors (7168K)
 Metaspace       used 100274K, capacity 102716K, committed 102896K, reserved 1138688K
  class space    used 13081K, capacity 13982K, committed 14028K, reserved 1048576K
}
Event: 51.057 GC heap after
{Heap after GC invocations=49 (full 0):
 garbage-first heap   total 362496K, used 260096K [0x00000006e0000000, 0x0000000800000000)
  region size 1024K, 6 young (6144K), 6 survivors (6144K)
 Metaspace       used 100274K, capacity 102716K, committed 102896K, reserved 1138688K
  class space    used 13081K, capacity 13982K, committed 14028K, reserved 1048576K
}
Event: 51.275 GC heap before
{Heap before GC invocations=49 (full 0):
 garbage-first heap   total 362496K, used 271360K [0x00000006e0000000, 0x0000000800000000)
  region size 1024K, 17 young (17408K), 6 survivors (6144K)
 Metaspace       used 100394K, capacity 102823K, committed 102896K, reserved 1138688K
  class space    used 13097K, capacity 13994K, committed 14028K, reserved 1048576K
}

